<?xml version="1.0" encoding="UTF-8"?>
<!-- Generated by org.testng.reporters.JUnitReportReporter -->
<testsuite skipped="0" hostname="AP-123" name="com.w2a.testcases.BankManangerLoginTest" tests="1" failures="0" timestamp="15 MÃ¤r 2020 14:23:06 GMT" time="2.904" errors="0">
  <testcase name="bankManangerLoginTest" time="2.904" classname="com.w2a.testcases.BankManangerLoginTest"/>
</testsuite> <!-- com.w2a.testcases.BankManangerLoginTest -->
